W1023 22:00:58.939000 156252 venv\Lib\site-packages\torch\distributed\elastic\multiprocessing\redirects.py:29] NOTE: Redirects are currently not supported in Windows or MacOs.
INFO:     Started server process [156252]
INFO:     Waiting for application startup.
2025-10-23 22:01:01,730 - server - INFO - ============================================================
2025-10-23 22:01:01,730 - server - INFO - STARTING MIST.AI VOICE SERVER
2025-10-23 22:01:01,730 - server - INFO - ============================================================
2025-10-23 22:01:01,730 - voice_processor - INFO - [22:01:01.730] Initializing voice processor...
2025-10-23 22:01:01,731 - voice_models.model_manager - INFO - Loading all models...
2025-10-23 22:01:01,731 - voice_models.model_manager - INFO - 1/3 Loading Whisper STT...
2025-10-23 22:01:02,391 - voice_models.model_manager - INFO - 2/3 Loading Sesame CSM TTS...
ERROR:    Traceback (most recent call last):
  File "D:\Users\rajga\mist.ai\dependencies\csm\generator.py", line 762, in load_csm_1b
    print("\u2713 Model compilation successful")
  File "C:\Python311\Lib\encodings\cp1252.py", line 19, in encode
    return codecs.charmap_encode(input,self.errors,encoding_table)[0]
           ^^^^^^^^^^^^^^^^^^^^^^^^^^^^^^^^^^^^^^^^^^^^^^^^^^^^^^^
UnicodeEncodeError: 'charmap' codec can't encode character '\u2713' in position 0: character maps to <undefined>

During handling of the above exception, another exception occurred:

Traceback (most recent call last):
  File "D:\Users\rajga\mist.ai\venv\Lib\site-packages\starlette\routing.py", line 694, in lifespan
    async with self.lifespan_context(app) as maybe_state:
  File "C:\Python311\Lib\contextlib.py", line 210, in __aenter__
    return await anext(self.gen)
           ^^^^^^^^^^^^^^^^^^^^^
  File "D:\Users\rajga\mist.ai\backend\server.py", line 68, in lifespan
    await voice_processor.initialize()
  File "D:\Users\rajga\mist.ai\backend\voice_processor.py", line 70, in initialize
    await loop.run_in_executor(None, self.models.load_all_models)
  File "C:\Python311\Lib\concurrent\futures\thread.py", line 58, in run
    result = self.fn(*self.args, **self.kwargs)
             ^^^^^^^^^^^^^^^^^^^^^^^^^^^^^^^^^^
  File "D:\Users\rajga\mist.ai\backend\voice_models\model_manager.py", line 45, in load_all_models
    self.tts = SesameTTS(
               ^^^^^^^^^^
  File "D:\Users\rajga\mist.ai\src\multimodal\tts.py", line 48, in __init__
    self.generator = load_csm_1b(device=device)
                     ^^^^^^^^^^^^^^^^^^^^^^^^^^
  File "D:\Users\rajga\mist.ai\dependencies\csm\generator.py", line 764, in load_csm_1b
    print(f"\u26a0 torch.compile failed: {e}")
  File "C:\Python311\Lib\encodings\cp1252.py", line 19, in encode
    return codecs.charmap_encode(input,self.errors,encoding_table)[0]
           ^^^^^^^^^^^^^^^^^^^^^^^^^^^^^^^^^^^^^^^^^^^^^^^^^^^^^^^
UnicodeEncodeError: 'charmap' codec can't encode character '\u26a0' in position 0: character maps to <undefined>

ERROR:    Application startup failed. Exiting.
Loading Whisper (base)...
Whisper loaded successfully!
Loading Sesame CSM on cuda...
Loading CSM-1B model with extreme optimizations for real-time performance...
Compiling model with torch.compile (PyTorch nightly)...
